<?xml version="1.0"?>
<testsuites>
  <testsuite name="Chrome 41.0.2272 (Mac OS X 10.10.2)" package="" timestamp="2015-03-10T17:41:32" id="0" hostname="Tungs-MacBook-Pro.local" tests="1" errors="0" failures="0" time="0.004">
    <properties>
      <property name="browser.fullName" value="Mozilla/5.0 (Macintosh; Intel Mac OS X 10_10_2) AppleWebKit/537.36 (KHTML, like Gecko) Chrome/41.0.2272.76 Safari/537.36"/>
    </properties>
    <testcase name="works for app" time="0.004" classname="Chrome 41.0.2272 (Mac OS X 10.10.2).just checking"/>
    <system-out><![CDATA[Chrome 41.0.2272 (Mac OS X 10.10.2) LOG: Object{wait: function (timeout) { ... }}
,Chrome 41.0.2272 (Mac OS X 10.10.2) LOG: function (timeout) { ... }

]]></system-out>
    <system-err/>
  </testsuite>
</testsuites>
